2023-12-02 01:09:25,848 [ERROR] LogOutputStream:75 - [STDERR_REDIRECT] 
2023-12-02 14:12:14,652 [INFO] Activator:176 - 


2023-12-02 14:12:14,654 [INFO] Activator:177 - !SESSION log4j initialized
2023-12-02 14:12:19,489 [INFO] LogOutputStream:77 - [STDOUT_REDIRECT] 
2023-12-02 14:12:26,261 [INFO] ApplicationProperties:184 - Using Application install path: C:\ST\STM32CubeIDE_1.13.2\STM32CubeIDE\plugins\com.st.stm32cube.common.mx_6.9.2.202309101412
2023-12-02 14:12:26,306 [INFO] DbMcusXml:78 - Set database path to: C:\ST\STM32CubeIDE_1.13.2\STM32CubeIDE\plugins\com.st.stm32cube.common.mx_6.9.2.202309101412\\db\/mcu/
2023-12-02 14:12:26,308 [INFO] ApiDb:274 - Set plugin database path to: C:\ST\STM32CubeIDE_1.13.2\STM32CubeIDE\plugins\com.st.stm32cube.common.mx_6.9.2.202309101412\\db\/plugins/boardmanager/
2023-12-02 14:12:26,308 [WARN] ApiDb:259 - Overriding images path with different value:  => C:\ST\STM32CubeIDE_1.13.2\STM32CubeIDE\plugins\com.st.stm32cube.common.mx_6.9.2.202309101412\\db\/plugins/mcufinder/images/
2023-12-02 14:12:26,321 [INFO] ApiDb:250 - Set database path to: C:\Users\suziy\.stmcufinder\plugins\mcufinder//mcu/
2023-12-02 14:12:26,323 [INFO] DbMcusAds:125 - Set database path to: C:\Users\suziy\.stmcufinder\plugins\mcufinder//mcu/
2023-12-02 14:12:26,327 [INFO] CrossReferenceDbSqlite:203 - Set database path to: C:\Users\suziy\.stmcufinder\plugins\mcufinder//mcu/cs/
2023-12-02 14:12:26,536 [INFO] RulesReader:64 - Compatibility file has been processed (293 Rules)
2023-12-02 14:12:34,725 [INFO] DbMcusXml:78 - Set database path to: C:\ST\STM32CubeIDE_1.13.2\STM32CubeIDE\plugins\com.st.stm32cube.common.mx_6.9.2.202309101412\\db\/mcu/
2023-12-02 14:12:34,725 [INFO] ApiDb:274 - Set plugin database path to: C:\ST\STM32CubeIDE_1.13.2\STM32CubeIDE\plugins\com.st.stm32cube.common.mx_6.9.2.202309101412\\db\/plugins/boardmanager/
2023-12-02 14:12:34,725 [INFO] ApiDb:261 - Set plugin images path to: C:\ST\STM32CubeIDE_1.13.2\STM32CubeIDE\plugins\com.st.stm32cube.common.mx_6.9.2.202309101412\\db\/plugins/mcufinder/images/
2023-12-02 14:12:34,725 [WARN] DbFile:41 - Overriding database path with different value: C:\Users\suziy\.stmcufinder\plugins\mcufinder/ => C:\Users\suziy\.stmcufinder\plugins\mcufinder
2023-12-02 14:12:34,725 [INFO] ApiDb:250 - Set database path to: C:\Users\suziy\.stmcufinder\plugins\mcufinder//mcu/
2023-12-02 14:12:34,725 [WARN] DbFile:41 - Overriding database path with different value: C:\Users\suziy\.stmcufinder\plugins\mcufinder/ => C:\Users\suziy\.stmcufinder\plugins\mcufinder
2023-12-02 14:12:34,725 [INFO] DbMcusAds:125 - Set database path to: C:\Users\suziy\.stmcufinder\plugins\mcufinder//mcu/
2023-12-02 14:12:34,725 [WARN] DbFile:41 - Overriding database path with different value: C:\Users\suziy\.stmcufinder\plugins\mcufinder/ => C:\Users\suziy\.stmcufinder\plugins\mcufinder
2023-12-02 14:12:34,725 [WARN] DbFile:41 - Overriding database path with different value: C:\Users\suziy\.stmcufinder\plugins\mcufinder/ => C:\Users\suziy\.stmcufinder\plugins\mcufinder
2023-12-02 14:12:34,745 [INFO] CrossReferenceDbSqlite:203 - Set database path to: C:\Users\suziy\.stmcufinder\plugins\mcufinder//mcu/cs/
2023-12-02 14:12:34,797 [INFO] MainPanel:262 - HeapMemory: 268435456
2023-12-02 14:12:34,848 [INFO] DbMcusXml:78 - Set database path to: C:\ST\STM32CubeIDE_1.13.2\STM32CubeIDE\plugins\com.st.stm32cube.common.mx_6.9.2.202309101412\\db\/mcu/
2023-12-02 14:12:34,848 [INFO] ApiDb:274 - Set plugin database path to: C:\ST\STM32CubeIDE_1.13.2\STM32CubeIDE\plugins\com.st.stm32cube.common.mx_6.9.2.202309101412\\db\/plugins/boardmanager/
2023-12-02 14:12:34,848 [INFO] ApiDb:261 - Set plugin images path to: C:\ST\STM32CubeIDE_1.13.2\STM32CubeIDE\plugins\com.st.stm32cube.common.mx_6.9.2.202309101412\\db\/plugins/mcufinder/images/
2023-12-02 14:12:34,848 [WARN] DbFile:41 - Overriding database path with different value: C:\Users\suziy\.stmcufinder\plugins\mcufinder/ => C:\Users\suziy\.stmcufinder\plugins\mcufinder
2023-12-02 14:12:34,848 [INFO] ApiDb:250 - Set database path to: C:\Users\suziy\.stmcufinder\plugins\mcufinder//mcu/
2023-12-02 14:12:34,848 [WARN] DbFile:41 - Overriding database path with different value: C:\Users\suziy\.stmcufinder\plugins\mcufinder/ => C:\Users\suziy\.stmcufinder\plugins\mcufinder
2023-12-02 14:12:34,849 [INFO] DbMcusAds:125 - Set database path to: C:\Users\suziy\.stmcufinder\plugins\mcufinder//mcu/
2023-12-02 14:12:34,849 [WARN] DbFile:41 - Overriding database path with different value: C:\Users\suziy\.stmcufinder\plugins\mcufinder/ => C:\Users\suziy\.stmcufinder\plugins\mcufinder
2023-12-02 14:12:34,849 [WARN] DbFile:41 - Overriding database path with different value: C:\Users\suziy\.stmcufinder\plugins\mcufinder/ => C:\Users\suziy\.stmcufinder\plugins\mcufinder
2023-12-02 14:12:34,849 [INFO] CrossReferenceDbSqlite:203 - Set database path to: C:\Users\suziy\.stmcufinder\plugins\mcufinder//mcu/cs/
2023-12-02 14:12:34,862 [INFO] ApplicationProperties:184 - Using Application install path: C:\ST\STM32CubeIDE_1.13.2\STM32CubeIDE\plugins\com.st.stm32cube.common.mx_6.9.2.202309101412
2023-12-02 14:12:34,864 [INFO] PluginManage:196 - Search for loadable plugins [exclusion list=, ]
2023-12-02 14:12:34,864 [INFO] PluginManage:310 - Check plugin analytics
2023-12-02 14:12:39,956 [INFO] AnalyticsPlugin:253 - Accepted Software Licenses: 
2023-12-02 14:12:39,956 [INFO] AnalyticsPlugin:255 - Accepted CMSIS Pack Licenses: 
2023-12-02 14:12:39,956 [INFO] AnalyticsPlugin:257 - Accepted Firmware Licenses: FW.F4.1.27.0
2023-12-02 14:12:39,958 [INFO] PluginManage:359 - Loaded plugin analytics (category:tool,tabindex:-1)
2023-12-02 14:12:39,959 [INFO] PluginManage:310 - Check plugin cadmodel
2023-12-02 14:12:39,973 [INFO] CADModel:105 - Init CAD model plugin
2023-12-02 14:12:39,974 [INFO] PluginManage:359 - Loaded plugin cadmodel (category:power,tabindex:5)
2023-12-02 14:12:39,974 [INFO] PluginManage:310 - Check plugin clock
2023-12-02 14:12:39,994 [INFO] PluginManage:359 - Loaded plugin clock (category:base,tabindex:2)
2023-12-02 14:12:39,994 [INFO] PluginManage:310 - Check plugin ddr
2023-12-02 14:12:39,996 [INFO] PluginManage:359 - Loaded plugin ddr (category:tool,tabindex:6)
2023-12-02 14:12:39,996 [INFO] PluginManage:310 - Check plugin filemanager
2023-12-02 14:12:40,126 [INFO] PluginManage:359 - Loaded plugin filemanager (category:base,tabindex:10)
2023-12-02 14:12:40,126 [INFO] PluginManage:310 - Check plugin ipmanager
2023-12-02 14:12:40,133 [INFO] PluginManage:359 - Loaded plugin ipmanager (category:base,tabindex:5)
2023-12-02 14:12:40,133 [INFO] PluginManage:310 - Check plugin lpbam
2023-12-02 14:12:40,150 [INFO] PluginManage:359 - Loaded plugin lpbam (category:base,tabindex:0)
2023-12-02 14:12:40,151 [INFO] PluginManage:310 - Check plugin memorymap
2023-12-02 14:12:40,169 [INFO] PluginManage:359 - Loaded plugin memorymap (category:base,tabindex:4)
2023-12-02 14:12:40,169 [INFO] PluginManage:310 - Check plugin pinoutandconfiguration
2023-12-02 14:12:40,184 [INFO] PluginManage:359 - Loaded plugin pinoutandconfiguration (category:base,tabindex:1)
2023-12-02 14:12:40,184 [INFO] PluginManage:310 - Check plugin pinoutconfig
2023-12-02 14:12:40,282 [WARN] SupportedApi:132 - Cannot load RTOS API schema: s4s-elt-must-match.1: The content of 'definitions' must match (annotation?, (simpleType | complexType)?, (unique | key | keyref)*)). A problem was found starting at: attribute.
2023-12-02 14:12:40,410 [INFO] PluginManage:359 - Loaded plugin pinoutconfig (category:base,tabindex:0)
2023-12-02 14:12:40,410 [INFO] PluginManage:310 - Check plugin power
2023-12-02 14:12:40,423 [INFO] PluginManage:359 - Loaded plugin power (category:power,tabindex:4)
2023-12-02 14:12:40,424 [INFO] PluginManage:310 - Check plugin projectmanager
2023-12-02 14:12:40,435 [INFO] PluginManage:359 - Loaded plugin projectmanager (category:projectmanager,tabindex:3)
2023-12-02 14:12:40,435 [INFO] PluginManage:310 - Check plugin thirdparty
2023-12-02 14:12:40,621 [INFO] PluginManage:359 - Loaded plugin thirdparty (category:base,tabindex:-1)
2023-12-02 14:12:40,621 [WARN] IntegrityCheckThread:84 - waiting for thirdparty lock release [integrity check]
2023-12-02 14:12:40,621 [INFO] PluginManage:310 - Check plugin tools
2023-12-02 14:12:40,622 [INFO] IntegrityCheckThread:86 - entering critical section [integrity check]
2023-12-02 14:12:40,622 [INFO] ThirdPartyUpdaterWithRetryManager:70 - Updater plugin not ready yet. [1/15]
2023-12-02 14:12:40,643 [INFO] PluginManage:359 - Loaded plugin tools (category:base,tabindex:7)
2023-12-02 14:12:40,643 [INFO] PluginManage:310 - Check plugin tutovideos
2023-12-02 14:12:40,769 [INFO] PluginManage:359 - Loaded plugin tutovideos (category:base,tabindex:-1)
2023-12-02 14:12:40,769 [INFO] PluginManage:310 - Check plugin updater
2023-12-02 14:12:40,776 [INFO] PluginManage:359 - Loaded plugin updater (category:base,tabindex:12)
2023-12-02 14:12:40,776 [INFO] PluginManage:310 - Check plugin userauth
2023-12-02 14:12:40,780 [INFO] UserAuth:113 - Init User Auth plugin
2023-12-02 14:12:40,780 [INFO] PluginManage:359 - Loaded plugin userauth (category:base,tabindex:14)
2023-12-02 14:12:40,781 [INFO] PluginManage:283 - PluginManage : Loaded plugins [17]
2023-12-02 14:12:40,937 [INFO] PinOutPanel:1499 - setPackage(No Configuration,No Configuration)
2023-12-02 14:12:41,029 [INFO] CADModel:165 - CPN selected for project level
2023-12-02 14:12:41,029 [INFO] CADModel:114 - Register for checkConnection events
2023-12-02 14:12:41,048 [INFO] IPUIPlugin:80 - create IPUIPlugin
2023-12-02 14:12:41,048 [INFO] PluginManager:220 - loadIPPluginJar : add adc
2023-12-02 14:12:41,073 [INFO] IPUIPlugin:80 - create IPUIPlugin
2023-12-02 14:12:41,073 [INFO] PluginManager:220 - loadIPPluginJar : add aes
2023-12-02 14:12:41,101 [INFO] IPUIPlugin:80 - create IPUIPlugin
2023-12-02 14:12:41,101 [INFO] PluginManager:220 - loadIPPluginJar : add can
2023-12-02 14:12:41,116 [INFO] IPUIPlugin:80 - create IPUIPlugin
2023-12-02 14:12:41,116 [INFO] PluginManager:220 - loadIPPluginJar : add comp
2023-12-02 14:12:41,137 [INFO] IPUIPlugin:80 - create IPUIPlugin
2023-12-02 14:12:41,137 [INFO] PluginManager:220 - loadIPPluginJar : add cryp
2023-12-02 14:12:41,155 [INFO] IPUIPlugin:80 - create IPUIPlugin
2023-12-02 14:12:41,155 [INFO] PluginManager:220 - loadIPPluginJar : add dfsdm
2023-12-02 14:12:41,165 [INFO] IPUIPlugin:80 - create IPUIPlugin
2023-12-02 14:12:41,165 [INFO] PluginManager:220 - loadIPPluginJar : add dma
2023-12-02 14:12:41,192 [INFO] IPUIPlugin:80 - create IPUIPlugin
2023-12-02 14:12:41,192 [INFO] PluginManager:220 - loadIPPluginJar : add dma3
2023-12-02 14:12:41,203 [INFO] IPUIPlugin:80 - create IPUIPlugin
2023-12-02 14:12:41,203 [INFO] PluginManager:220 - loadIPPluginJar : add fatfs
2023-12-02 14:12:41,233 [INFO] IPUIPlugin:80 - create IPUIPlugin
2023-12-02 14:12:41,233 [INFO] PluginManager:220 - loadIPPluginJar : add fmc
2023-12-02 14:12:41,243 [INFO] IPUIPlugin:80 - create IPUIPlugin
2023-12-02 14:12:41,243 [INFO] PluginManager:220 - loadIPPluginJar : add freertos
2023-12-02 14:12:41,256 [INFO] IPUIPlugin:80 - create IPUIPlugin
2023-12-02 14:12:41,256 [INFO] PluginManager:220 - loadIPPluginJar : add genericplugin
2023-12-02 14:12:41,307 [INFO] IPUIPlugin:80 - create IPUIPlugin
2023-12-02 14:12:41,307 [INFO] PluginManager:220 - loadIPPluginJar : add gfxmmu
2023-12-02 14:12:41,382 [INFO] IPUIPlugin:80 - create IPUIPlugin
2023-12-02 14:12:41,382 [INFO] PluginManager:220 - loadIPPluginJar : add gic
2023-12-02 14:12:41,391 [INFO] IPUIPlugin:80 - create IPUIPlugin
2023-12-02 14:12:41,391 [INFO] PluginManager:220 - loadIPPluginJar : add gpio
2023-12-02 14:12:41,446 [INFO] IPUIPlugin:80 - create IPUIPlugin
2023-12-02 14:12:41,446 [INFO] PluginManager:220 - loadIPPluginJar : add gtzc
2023-12-02 14:12:41,467 [INFO] IPUIPlugin:80 - create IPUIPlugin
2023-12-02 14:12:41,467 [INFO] PluginManager:220 - loadIPPluginJar : add hash
2023-12-02 14:12:41,498 [INFO] IPUIPlugin:80 - create IPUIPlugin
2023-12-02 14:12:41,498 [INFO] PluginManager:220 - loadIPPluginJar : add i2c
2023-12-02 14:12:41,524 [INFO] IPUIPlugin:80 - create IPUIPlugin
2023-12-02 14:12:41,524 [INFO] PluginManager:220 - loadIPPluginJar : add i2s
2023-12-02 14:12:41,552 [INFO] IPUIPlugin:80 - create IPUIPlugin
2023-12-02 14:12:41,552 [INFO] PluginManager:220 - loadIPPluginJar : add i3c
2023-12-02 14:12:41,620 [INFO] IPUIPlugin:80 - create IPUIPlugin
2023-12-02 14:12:41,620 [INFO] PluginManager:220 - loadIPPluginJar : add ipddr
2023-12-02 14:12:41,676 [INFO] IPUIPlugin:80 - create IPUIPlugin
2023-12-02 14:12:41,676 [INFO] PluginManager:220 - loadIPPluginJar : add linkedlist
2023-12-02 14:12:41,698 [INFO] IPUIPlugin:80 - create IPUIPlugin
2023-12-02 14:12:41,698 [INFO] PluginManager:220 - loadIPPluginJar : add lorawan
2023-12-02 14:12:41,720 [INFO] IPUIPlugin:80 - create IPUIPlugin
2023-12-02 14:12:41,720 [INFO] PluginManager:220 - loadIPPluginJar : add ltdc
2023-12-02 14:12:41,729 [INFO] IPUIPlugin:80 - create IPUIPlugin
2023-12-02 14:12:41,730 [INFO] PluginManager:220 - loadIPPluginJar : add mdma
2023-12-02 14:12:41,738 [INFO] IPUIPlugin:80 - create IPUIPlugin
2023-12-02 14:12:41,738 [INFO] PluginManager:220 - loadIPPluginJar : add nvic
2023-12-02 14:12:41,760 [INFO] IPUIPlugin:80 - create IPUIPlugin
2023-12-02 14:12:41,760 [INFO] PluginManager:220 - loadIPPluginJar : add opamp
2023-12-02 14:12:41,796 [INFO] IPUIPlugin:80 - create IPUIPlugin
2023-12-02 14:12:41,796 [INFO] PluginManager:220 - loadIPPluginJar : add openamp
2023-12-02 14:12:41,822 [INFO] IPUIPlugin:80 - create IPUIPlugin
2023-12-02 14:12:41,822 [INFO] PluginManager:220 - loadIPPluginJar : add pdm2pcm
2023-12-02 14:12:41,832 [INFO] IPUIPlugin:80 - create IPUIPlugin
2023-12-02 14:12:41,833 [INFO] PluginManager:220 - loadIPPluginJar : add plateformsettings
2023-12-02 14:12:41,847 [INFO] IPUIPlugin:80 - create IPUIPlugin
2023-12-02 14:12:41,847 [INFO] PluginManager:220 - loadIPPluginJar : add quadspi
2023-12-02 14:12:41,856 [INFO] IPUIPlugin:80 - create IPUIPlugin
2023-12-02 14:12:41,857 [INFO] PluginManager:220 - loadIPPluginJar : add resmgrutility
2023-12-02 14:12:41,886 [INFO] IPUIPlugin:80 - create IPUIPlugin
2023-12-02 14:12:41,886 [INFO] PluginManager:220 - loadIPPluginJar : add sai
2023-12-02 14:12:41,908 [INFO] IPUIPlugin:80 - create IPUIPlugin
2023-12-02 14:12:41,908 [INFO] PluginManager:220 - loadIPPluginJar : add spi
2023-12-02 14:12:41,943 [INFO] IPUIPlugin:80 - create IPUIPlugin
2023-12-02 14:12:41,943 [INFO] PluginManager:220 - loadIPPluginJar : add stm32_wpan
2023-12-02 14:12:41,958 [INFO] IPUIPlugin:80 - create IPUIPlugin
2023-12-02 14:12:41,958 [INFO] PluginManager:220 - loadIPPluginJar : add tim
2023-12-02 14:12:41,992 [INFO] IPUIPlugin:80 - create IPUIPlugin
2023-12-02 14:12:41,992 [INFO] PluginManager:220 - loadIPPluginJar : add touchsensing
2023-12-02 14:12:42,007 [INFO] IPUIPlugin:80 - create IPUIPlugin
2023-12-02 14:12:42,007 [INFO] PluginManager:220 - loadIPPluginJar : add tracer_emb
2023-12-02 14:12:42,021 [INFO] IPUIPlugin:80 - create IPUIPlugin
2023-12-02 14:12:42,021 [INFO] PluginManager:220 - loadIPPluginJar : add ts
2023-12-02 14:12:42,033 [INFO] IPUIPlugin:80 - create IPUIPlugin
2023-12-02 14:12:42,033 [INFO] PluginManager:220 - loadIPPluginJar : add tsc
2023-12-02 14:12:42,046 [INFO] IPUIPlugin:80 - create IPUIPlugin
2023-12-02 14:12:42,046 [INFO] PluginManager:220 - loadIPPluginJar : add ucpd
2023-12-02 14:12:42,073 [INFO] IPUIPlugin:80 - create IPUIPlugin
2023-12-02 14:12:42,073 [INFO] PluginManager:220 - loadIPPluginJar : add usart
2023-12-02 14:12:42,098 [INFO] IPUIPlugin:80 - create IPUIPlugin
2023-12-02 14:12:42,099 [INFO] PluginManager:220 - loadIPPluginJar : add usbx
2023-12-02 14:12:42,206 [INFO] CADModel:165 - CPN selected for project level
2023-12-02 14:12:42,206 [INFO] CADModel:114 - Register for checkConnection events
2023-12-02 14:12:42,206 [FATAL] Updater:308 - Updater called before beeing initialized
2023-12-02 14:12:42,206 [ERROR] CADModel:125 - Updater not yet initialized, retry later 
2023-12-02 14:12:42,316 [INFO] CADModel:165 - CPN selected for project level
2023-12-02 14:12:42,316 [INFO] CADModel:114 - Register for checkConnection events
2023-12-02 14:12:42,316 [FATAL] Updater:308 - Updater called before beeing initialized
2023-12-02 14:12:42,316 [ERROR] CADModel:125 - Updater not yet initialized, retry later 
2023-12-02 14:12:42,320 [FATAL] Updater:308 - Updater called before beeing initialized
2023-12-02 14:12:42,418 [FATAL] Updater:308 - Updater called before beeing initialized
2023-12-02 14:12:42,428 [INFO] DbMcusAds:53 - JSON generation date=Tue Mar 07 00:50:55 PST 2023 (1678179055335)
2023-12-02 14:12:42,428 [FATAL] Updater:308 - Updater called before beeing initialized
2023-12-02 14:12:42,491 [WARN] DetailPanel:346 - Failed to get advertising image, set to default
2023-12-02 14:12:42,568 [FATAL] Updater:308 - Updater called before beeing initialized
2023-12-02 14:12:42,569 [FATAL] Updater:308 - Updater called before beeing initialized
2023-12-02 14:12:42,569 [FATAL] Updater:308 - Updater called before beeing initialized
2023-12-02 14:12:42,569 [WARN] DetailPanel:346 - Failed to get advertising image, set to default
2023-12-02 14:12:42,569 [FATAL] Updater:308 - Updater called before beeing initialized
2023-12-02 14:12:42,611 [ERROR] Updater:1120 - MainUpdater not yet initialized. External WinMGr cannot be set.
2023-12-02 14:12:42,619 [INFO] Updater:1056 - Updater Version found : 6.9.2
2023-12-02 14:12:42,632 [INFO] ApplicationProperties:184 - Using Application install path: C:\ST\STM32CubeIDE_1.13.2\STM32CubeIDE\plugins\com.st.stm32cube.common.mx_6.9.2.202309101412
2023-12-02 14:12:42,781 [INFO] MainUpdater:2868 - connection check result : 10
2023-12-02 14:12:42,782 [INFO] MainUpdater:285 - Updater Check For Update Now.
2023-12-02 14:12:42,782 [INFO] MicroXplorer:498 - Change Database Version : DB.6.0.92
2023-12-02 14:12:42,793 [INFO] McuFinderGlobals:63 - Set McuFinder mode to 2 (CubeIDE integrated)
2023-12-02 14:12:42,793 [INFO] UserAuth:179 - activating auth plugin
2023-12-02 14:12:42,795 [INFO] UserAuth:393 - Internet connection configuration mode: 1
2023-12-02 14:12:42,813 [INFO] JxBrowserEngine:151 - Initiate JxBrowser Engine with user profile folder
2023-12-02 14:12:42,959 [INFO] CheckServerUpdateThread:120 - End of CheckServer Thread
2023-12-02 14:12:43,720 [WARN] PackLoader:240 - Cannot read IP mode file for STMicroelectronics.X-CUBE-SMBUS.2.1.0
2023-12-02 14:12:43,752 [WARN] PackLoader:240 - Cannot read IP mode file for STMicroelectronics.X-CUBE-AZRTOS-F7.1.1.0
2023-12-02 14:12:43,768 [WARN] PackLoader:240 - Cannot read IP mode file for STMicroelectronics.FP-SNS-MOTENV1.4.3.2
2023-12-02 14:12:43,779 [WARN] PackLoader:240 - Cannot read IP mode file for STMicroelectronics.FP-SNS-FLIGHT1.5.0.2
2023-12-02 14:12:43,792 [WARN] PackLoader:240 - Cannot read IP mode file for STMicroelectronics.X-CUBE-DISPLAY.3.0.0
2023-12-02 14:12:43,810 [WARN] PackLoader:240 - Cannot read IP mode file for STMicroelectronics.X-CUBE-BLE1.7.0.0
2023-12-02 14:12:43,820 [WARN] PackLoader:240 - Cannot read IP mode file for emotas.I-CUBE-CANOPEN.1.3.0
2023-12-02 14:12:43,832 [WARN] PackLoader:240 - Cannot read IP mode file for STMicroelectronics.X-CUBE-TOUCHGFX.4.22.1
2023-12-02 14:12:43,842 [WARN] PackLoader:240 - Cannot read IP mode file for STMicroelectronics.FP-SNS-SMARTAG2.1.2.0
2023-12-02 14:12:43,858 [INFO] LogOutputStream:77 - [STDOUT_REDIRECT] 1 : Invalid condition id : UX_CORESTACK_Condition cause : null
2023-12-02 14:12:43,858 [INFO] LogOutputStream:77 - [STDOUT_REDIRECT] 1 : Invalid condition id : UX_CORESTACK_Condition cause : null
2023-12-02 14:12:43,859 [INFO] LogOutputStream:77 - [STDOUT_REDIRECT] 1 : Invalid condition id : UX_CORESTACK_Condition cause : null
2023-12-02 14:12:43,861 [INFO] LogOutputStream:77 - [STDOUT_REDIRECT] 1 : Invalid condition id : UX_CORESTACK_Condition cause : null
2023-12-02 14:12:43,862 [INFO] LogOutputStream:77 - [STDOUT_REDIRECT] 1 : Invalid condition id : UX_CORESTACK_Condition cause : null
2023-12-02 14:12:43,864 [WARN] PackLoader:240 - Cannot read IP mode file for STMicroelectronics.X-CUBE-AZRTOS-WL.2.0.0
2023-12-02 14:12:43,876 [WARN] PackLoader:240 - Cannot read IP mode file for WES.I-CUBE-Cesium.1.3.0
2023-12-02 14:12:43,887 [WARN] PackLoader:240 - Cannot read IP mode file for STMicroelectronics.X-CUBE-BLE2.3.3.0
2023-12-02 14:12:43,900 [WARN] PackLoader:240 - Cannot read IP mode file for STMicroelectronics.X-CUBE-ALGOBUILD.1.3.0
2023-12-02 14:12:43,924 [WARN] PackLoader:240 - Cannot read IP mode file for STMicroelectronics.X-CUBE-AZRTOS-G0.1.1.0
2023-12-02 14:12:43,937 [WARN] PackLoader:240 - Cannot read IP mode file for STMicroelectronics.X-CUBE-NFC4.3.0.0
2023-12-02 14:12:43,954 [WARN] PackLoader:240 - Cannot read IP mode file for STMicroelectronics.X-CUBE-BLEMGR.3.0.0
2023-12-02 14:12:43,965 [WARN] PackLoader:240 - Cannot read IP mode file for STMicroelectronics.FP-ATR-SIGFOX1.3.2.0
2023-12-02 14:12:43,975 [WARN] PackLoader:240 - Cannot read IP mode file for STMicroelectronics.X-CUBE-GNSS1.6.0.0
2023-12-02 14:12:44,000 [WARN] PackLoader:240 - Cannot read IP mode file for STMicroelectronics.X-CUBE-AZRTOS-F4.1.1.0
2023-12-02 14:12:44,012 [WARN] PackLoader:240 - Cannot read IP mode file for wolfSSL.I-CUBE-wolfSSL.5.6.4
2023-12-02 14:12:44,039 [WARN] PackLoader:240 - Cannot read IP mode file for STMicroelectronics.X-CUBE-AZRTOS-L5.2.0.0
2023-12-02 14:12:44,057 [WARN] PackLoader:240 - Cannot read IP mode file for STMicroelectronics.X-CUBE-EEPRMA1.4.2.0
2023-12-02 14:12:44,072 [WARN] PackLoader:240 - Cannot read IP mode file for ITTIA_DB.I-CUBE-ITTIADB.8.8.0
2023-12-02 14:12:44,095 [WARN] ConditionMgr:438 - getConditionDescription Invalid condition id : UX DEVICE CLASS RTOS Condition cause : null
2023-12-02 14:12:44,095 [WARN] ConditionMgr:438 - getConditionDescription Invalid condition id : UX DEVICE CLASS RTOS Condition cause : null
2023-12-02 14:12:44,096 [WARN] PackLoader:240 - Cannot read IP mode file for STMicroelectronics.X-CUBE-AZRTOS-H7.3.1.0
2023-12-02 14:12:44,097 [WARN] ConditionMgr:1039 - genDependencies : Invalid condition id : UX DEVICE CLASS RTOS Condition cause : null
2023-12-02 14:12:44,097 [WARN] ConditionMgr:1039 - genDependencies : Invalid condition id : UX DEVICE CLASS RTOS Condition cause : null
2023-12-02 14:12:44,098 [WARN] ConditionMgr:1039 - genDependencies : Invalid condition id : UX DEVICE CLASS RTOS Condition cause : null
2023-12-02 14:12:44,098 [WARN] ConditionMgr:1039 - genDependencies : Invalid condition id : UX DEVICE CLASS RTOS Condition cause : null
2023-12-02 14:12:44,098 [WARN] ConditionMgr:1039 - genDependencies : Invalid condition id : UX DEVICE CLASS RTOS Condition cause : null
2023-12-02 14:12:44,110 [WARN] PackLoader:240 - Cannot read IP mode file for STMicroelectronics.X-CUBE-NFC7.1.0.1
2023-12-02 14:12:44,125 [WARN] PackLoader:240 - Cannot read IP mode file for STMicroelectronics.X-CUBE-NFC6.3.0.0
2023-12-02 14:12:44,139 [WARN] PackLoader:240 - Cannot read IP mode file for STMicroelectronics.X-CUBE-AI.8.1.0
2023-12-02 14:12:44,165 [WARN] ConditionMgr:438 - getConditionDescription Invalid condition id : LAN8742 Phy interface Condition cause : null
2023-12-02 14:12:44,166 [WARN] PackLoader:240 - Cannot read IP mode file for STMicroelectronics.X-CUBE-AZRTOS-L4.2.0.0
2023-12-02 14:12:44,168 [WARN] ConditionMgr:1039 - genDependencies : Invalid condition id : LAN8742 Phy interface Condition cause : null
2023-12-02 14:12:44,168 [WARN] ConditionMgr:1039 - genDependencies : Invalid condition id : LAN8742 Phy interface Condition cause : null
2023-12-02 14:12:44,169 [WARN] ConditionMgr:1039 - genDependencies : Invalid condition id : LAN8742 Phy interface Condition cause : null
2023-12-02 14:12:44,188 [WARN] PackLoader:240 - Cannot read IP mode file for STMicroelectronics.X-CUBE-SFXS2LP1.4.0.0
2023-12-02 14:12:44,205 [WARN] PackLoader:240 - Cannot read IP mode file for STMicroelectronics.X-CUBE-ISPU.1.1.0
2023-12-02 14:12:44,244 [WARN] ConditionMgr:438 - getConditionDescription Invalid condition id : UX DEVICE CLASS RTOS Condition cause : null
2023-12-02 14:12:44,244 [WARN] ConditionMgr:438 - getConditionDescription Invalid condition id : UX DEVICE CLASS RTOS Condition cause : null
2023-12-02 14:12:44,246 [WARN] PackLoader:240 - Cannot read IP mode file for STMicroelectronics.X-CUBE-AZRTOS-WB.2.0.0
2023-12-02 14:12:44,247 [WARN] ConditionMgr:1039 - genDependencies : Invalid condition id : UX DEVICE CLASS RTOS Condition cause : null
2023-12-02 14:12:44,247 [WARN] ConditionMgr:1039 - genDependencies : Invalid condition id : UX DEVICE CLASS RTOS Condition cause : null
2023-12-02 14:12:44,248 [WARN] ConditionMgr:1039 - genDependencies : Invalid condition id : UX DEVICE CLASS RTOS Condition cause : null
2023-12-02 14:12:44,248 [WARN] ConditionMgr:1039 - genDependencies : Invalid condition id : UX DEVICE CLASS RTOS Condition cause : null
2023-12-02 14:12:44,248 [WARN] ConditionMgr:1039 - genDependencies : Invalid condition id : UX DEVICE CLASS RTOS Condition cause : null
2023-12-02 14:12:44,273 [WARN] PackLoader:240 - Cannot read IP mode file for STMicroelectronics.X-CUBE-SUBG2.5.0.0
2023-12-02 14:12:44,300 [WARN] PackLoader:240 - Cannot read IP mode file for STMicroelectronics.X-CUBE-TOF1.3.3.1
2023-12-02 14:12:44,346 [WARN] PackLoader:240 - Cannot read IP mode file for STMicroelectronics.X-CUBE-AZRTOS-G4.2.0.0
2023-12-02 14:12:44,382 [WARN] PackLoader:240 - Cannot read IP mode file for Infineon.AIROC-Wi-Fi-Bluetooth-STM32.1.5.1
2023-12-02 14:12:44,422 [WARN] PackLoader:240 - Cannot read IP mode file for STMicroelectronics.FP-SNS-MOTENVWB1.1.3.0
2023-12-02 14:12:44,437 [WARN] PackLoader:240 - Cannot read IP mode file for STMicroelectronics.FP-SNS-MOTENVWB1.1.3.1
2023-12-02 14:12:44,494 [WARN] PackLoader:240 - Cannot read IP mode file for STMicroelectronics.X-CUBE-MEMS1.10.0.0
2023-12-02 14:12:44,523 [INFO] WebApp:157 - Instantiating new browser for Auth
2023-12-02 14:12:44,641 [WARN] PackLoader:240 - Cannot read IP mode file for STMicroelectronics.X-CUBE-FREERTOS.1.1.0
2023-12-02 14:12:44,658 [WARN] PackLoader:240 - Cannot read IP mode file for portGmbH.I-Cube-SoM-uGOAL.1.1.0
2023-12-02 14:12:44,675 [WARN] PackLoader:240 - Cannot read IP mode file for STMicroelectronics.X-CUBE-ALS.1.0.1
2023-12-02 14:12:44,691 [WARN] PackLoader:240 - Cannot read IP mode file for STMicroelectronics.FP-ATR-ASTRA1.2.0.0
2023-12-02 14:12:44,716 [WARN] PackLoader:240 - Cannot read IP mode file for STMicroelectronics.X-CUBE-TOF1.3.4.0
2023-12-02 14:12:44,728 [INFO] ThirdParty:978 - Integrity check success = true
2023-12-02 14:12:44,728 [INFO] IntegrityCheckThread:100 - exiting critical section [integrity check]
2023-12-02 14:12:44,728 [INFO] IntegrityCheckThread:103 - End integrity checks thread
2023-12-02 14:12:45,237 [INFO] WebApp:753 - Register for checkConnection events
2023-12-02 14:12:45,237 [INFO] WebApp:390 - Apply proxy settings
2023-12-02 14:12:45,237 [INFO] WebApp:475 - Chromium requires no authentication
2023-12-02 14:12:45,243 [INFO] WebApp:418 - Direct internet connection detected
2023-12-02 14:12:45,376 [INFO] WebApp:188 - Starting web application
2023-12-02 14:12:45,376 [INFO] WebApp:520 - Web application path used C:\ST\STM32CubeIDE_1.13.2\STM32CubeIDE\plugins\com.st.stm32cube.common.mx_6.9.2.202309101412\db\plugins\mcufinder\reactClient1\index.html
2023-12-02 14:13:06,005 [ERROR] LogOutputStream:75 - [STDERR_REDIRECT] SLF4J: Failed to load class "org.slf4j.impl.StaticLoggerBinder".
2023-12-02 14:13:06,005 [ERROR] LogOutputStream:75 - [STDERR_REDIRECT] SLF4J: Defaulting to no-operation (NOP) logger implementation
2023-12-02 14:13:06,006 [ERROR] LogOutputStream:75 - [STDERR_REDIRECT] SLF4J: See http://www.slf4j.org/codes.html#StaticLoggerBinder for further details.
